::1 - - [29/Jun/2022:07:25:18 +0000] "POST /api/v1/user/signup HTTP/1.1" 500 213 "-" "PostmanRuntime/7.29.0"
::1 - - [29/Jun/2022:07:31:31 +0000] "POST /api/v1/user/signup HTTP/1.1" 400 1077 "-" "PostmanRuntime/7.29.0"
::1 - - [29/Jun/2022:07:31:43 +0000] "POST /api/v1/user/signup HTTP/1.1" 500 286 "-" "PostmanRuntime/7.29.0"
::1 - - [29/Jun/2022:07:32:15 +0000] "POST /api/v1/user/signup HTTP/1.1" 500 322 "-" "PostmanRuntime/7.29.0"
::1 - - [29/Jun/2022:07:32:26 +0000] "POST /api/v1/user/signup HTTP/1.1" 302 29 "-" "PostmanRuntime/7.29.0"
::1 - - [29/Jun/2022:07:32:26 +0000] "GET /signin HTTP/1.1" 404 41 "http://localhost:5000/api/v1/user/signup" "PostmanRuntime/7.29.0"
::1 - - [29/Jun/2022:07:35:06 +0000] "POST /api/v1/user/signup HTTP/1.1" 500 304 "-" "PostmanRuntime/7.29.0"
::1 - - [29/Jun/2022:07:35:23 +0000] "POST /api/v1/user/signup HTTP/1.1" 302 29 "-" "PostmanRuntime/7.29.0"
::1 - - [29/Jun/2022:07:35:23 +0000] "GET /signin HTTP/1.1" 404 41 "http://localhost:5000/api/v1/user/signup" "PostmanRuntime/7.29.0"
::1 - - [29/Jun/2022:07:38:33 +0000] "POST /api/v1/user/signup HTTP/1.1" 500 307 "-" "PostmanRuntime/7.29.0"
::1 - - [29/Jun/2022:07:39:16 +0000] "POST /api/v1/user/signup HTTP/1.1" 302 29 "-" "PostmanRuntime/7.29.0"
::1 - - [29/Jun/2022:07:39:16 +0000] "GET /signin HTTP/1.1" 404 41 "http://localhost:5000/api/v1/user/signup" "PostmanRuntime/7.29.0"
::1 - - [29/Jun/2022:07:40:35 +0000] "POST /api/v1/user/signup HTTP/1.1" 500 555 "-" "PostmanRuntime/7.29.0"
::1 - - [29/Jun/2022:07:40:44 +0000] "POST /api/v1/user/signup HTTP/1.1" 302 29 "-" "PostmanRuntime/7.29.0"
::1 - - [29/Jun/2022:07:40:44 +0000] "GET /signin HTTP/1.1" 404 41 "http://localhost:5000/api/v1/user/signup" "PostmanRuntime/7.29.0"
::1 - - [29/Jun/2022:07:41:35 +0000] "POST /api/v1/user/signup HTTP/1.1" 302 29 "-" "PostmanRuntime/7.29.0"
::1 - - [29/Jun/2022:07:41:35 +0000] "GET /signin HTTP/1.1" 404 41 "http://localhost:5000/api/v1/user/signup" "PostmanRuntime/7.29.0"
::1 - - [29/Jun/2022:07:53:06 +0000] "POST /api/v1/user/signup HTTP/1.1" 500 551 "-" "PostmanRuntime/7.29.0"
::1 - - [29/Jun/2022:08:00:49 +0000] "POST /api/v1/user/signup HTTP/1.1" 500 109 "-" "PostmanRuntime/7.29.0"
::1 - - [29/Jun/2022:08:01:08 +0000] "POST /api/v1/user/signup HTTP/1.1" 500 109 "-" "PostmanRuntime/7.29.0"
::1 - - [29/Jun/2022:08:02:02 +0000] "POST /api/v1/user/signup HTTP/1.1" 302 29 "-" "PostmanRuntime/7.29.0"
::1 - - [29/Jun/2022:08:02:02 +0000] "GET /signin HTTP/1.1" 404 41 "http://localhost:5000/api/v1/user/signup" "PostmanRuntime/7.29.0"
::1 - - [29/Jun/2022:08:05:37 +0000] "POST /api/v1/user/signup HTTP/1.1" 302 29 "-" "PostmanRuntime/7.29.0"
::1 - - [29/Jun/2022:08:05:37 +0000] "GET /signin HTTP/1.1" 404 41 "http://localhost:5000/api/v1/user/signup" "PostmanRuntime/7.29.0"
::1 - - [29/Jun/2022:08:11:49 +0000] "POST /api/v1/user/signup HTTP/1.1" 302 29 "-" "PostmanRuntime/7.29.0"
::1 - - [29/Jun/2022:08:11:49 +0000] "GET /signin HTTP/1.1" 404 41 "http://localhost:5000/api/v1/user/signup" "PostmanRuntime/7.29.0"
::1 - - [29/Jun/2022:08:12:47 +0000] "POST /api/v1/user/signup HTTP/1.1" 302 29 "-" "PostmanRuntime/7.29.0"
::1 - - [29/Jun/2022:08:12:47 +0000] "GET /signin HTTP/1.1" 404 41 "http://localhost:5000/api/v1/user/signup" "PostmanRuntime/7.29.0"
::1 - - [29/Jun/2022:08:13:32 +0000] "POST /api/v1/user/signup HTTP/1.1" 302 29 "-" "PostmanRuntime/7.29.0"
::1 - - [29/Jun/2022:08:13:32 +0000] "GET /signin HTTP/1.1" 404 41 "http://localhost:5000/api/v1/user/signup" "PostmanRuntime/7.29.0"
::1 - - [29/Jun/2022:08:14:08 +0000] "POST /api/v1/user/signup HTTP/1.1" 302 29 "-" "PostmanRuntime/7.29.0"
::1 - - [29/Jun/2022:08:14:08 +0000] "GET /signin HTTP/1.1" 404 41 "http://localhost:5000/api/v1/user/signup" "PostmanRuntime/7.29.0"
::1 - - [29/Jun/2022:08:17:17 +0000] "POST /api/v1/user/signup HTTP/1.1" 302 29 "-" "PostmanRuntime/7.29.0"
::1 - - [29/Jun/2022:08:17:17 +0000] "GET /signin HTTP/1.1" 404 41 "http://localhost:5000/api/v1/user/signup" "PostmanRuntime/7.29.0"
::1 - - [29/Jun/2022:08:27:42 +0000] "POST /api/v1/user/signup HTTP/1.1" 302 29 "-" "PostmanRuntime/7.29.0"
::1 - - [29/Jun/2022:08:27:42 +0000] "GET /signin HTTP/1.1" 404 41 "http://localhost:5000/api/v1/user/signup" "PostmanRuntime/7.29.0"
::1 - - [29/Jun/2022:08:29:14 +0000] "POST /api/v1/user/signup HTTP/1.1" 302 29 "-" "PostmanRuntime/7.29.0"
::1 - - [29/Jun/2022:08:29:14 +0000] "GET /signin HTTP/1.1" 404 41 "http://localhost:5000/api/v1/user/signup" "PostmanRuntime/7.29.0"
::1 - - [29/Jun/2022:08:37:58 +0000] "POST /api/v1/user/signup HTTP/1.1" 302 29 "-" "PostmanRuntime/7.29.0"
::1 - - [29/Jun/2022:08:37:58 +0000] "GET /signin HTTP/1.1" 404 41 "http://localhost:5000/api/v1/user/signup" "PostmanRuntime/7.29.0"
::1 - - [29/Jun/2022:08:39:16 +0000] "POST /api/v1/user/signup HTTP/1.1" 302 29 "-" "PostmanRuntime/7.29.0"
::1 - - [29/Jun/2022:08:39:16 +0000] "GET /signin HTTP/1.1" 404 41 "http://localhost:5000/api/v1/user/signup" "PostmanRuntime/7.29.0"
::1 - - [29/Jun/2022:08:39:20 +0000] "POST /api/v1/user/signup HTTP/1.1" 302 29 "-" "PostmanRuntime/7.29.0"
::1 - - [29/Jun/2022:08:39:20 +0000] "GET /signin HTTP/1.1" 404 41 "http://localhost:5000/api/v1/user/signup" "PostmanRuntime/7.29.0"
::1 - - [29/Jun/2022:08:40:05 +0000] "POST /api/v1/user/signup HTTP/1.1" 302 29 "-" "PostmanRuntime/7.29.0"
::1 - - [29/Jun/2022:08:40:05 +0000] "GET /signin HTTP/1.1" 404 41 "http://localhost:5000/api/v1/user/signup" "PostmanRuntime/7.29.0"
::1 - - [29/Jun/2022:08:40:51 +0000] "POST /api/v1/user/signup HTTP/1.1" 302 29 "-" "PostmanRuntime/7.29.0"
::1 - - [29/Jun/2022:08:40:51 +0000] "GET /signin HTTP/1.1" 404 41 "http://localhost:5000/api/v1/user/signup" "PostmanRuntime/7.29.0"
::1 - - [29/Jun/2022:08:44:47 +0000] "POST /api/v1/user/signup HTTP/1.1" 302 29 "-" "PostmanRuntime/7.29.0"
::1 - - [29/Jun/2022:08:44:47 +0000] "GET /signin HTTP/1.1" 404 41 "http://localhost:5000/api/v1/user/signup" "PostmanRuntime/7.29.0"
::1 - - [29/Jun/2022:09:35:47 +0000] "POST /api/v1/user/signin HTTP/1.1" 400 1077 "-" "PostmanRuntime/7.29.0"
::1 - - [29/Jun/2022:09:35:58 +0000] "POST /api/v1/user/signin HTTP/1.1" 302 23 "-" "PostmanRuntime/7.29.0"
::1 - - [29/Jun/2022:09:35:58 +0000] "GET / HTTP/1.1" 404 41 "http://localhost:5000/api/v1/user/signin" "PostmanRuntime/7.29.0"
::1 - - [29/Jun/2022:09:42:44 +0000] "POST /api/v1/user/signin HTTP/1.1" 302 23 "-" "PostmanRuntime/7.29.0"
::1 - - [29/Jun/2022:09:42:44 +0000] "GET / HTTP/1.1" 404 41 "http://localhost:5000/api/v1/user/signin" "PostmanRuntime/7.29.0"
::1 - - [29/Jun/2022:09:44:36 +0000] "POST /api/v1/user/signin HTTP/1.1" 302 23 "-" "PostmanRuntime/7.29.0"
::1 - - [29/Jun/2022:09:44:36 +0000] "GET / HTTP/1.1" 404 41 "http://localhost:5000/api/v1/user/signin" "PostmanRuntime/7.29.0"
::1 - - [29/Jun/2022:09:47:15 +0000] "POST /api/v1/user/signin HTTP/1.1" 500 278 "-" "PostmanRuntime/7.29.0"
::1 - - [29/Jun/2022:09:47:25 +0000] "POST /api/v1/user/signin HTTP/1.1" 500 64 "-" "PostmanRuntime/7.29.0"
::1 - - [29/Jun/2022:09:49:24 +0000] "POST /api/v1/user/signin HTTP/1.1" 500 278 "-" "PostmanRuntime/7.29.0"
::1 - - [29/Jun/2022:09:49:29 +0000] "POST /api/v1/user/signin HTTP/1.1" 302 23 "-" "PostmanRuntime/7.29.0"
::1 - - [29/Jun/2022:09:49:29 +0000] "GET / HTTP/1.1" 404 41 "http://localhost:5000/api/v1/user/signin" "PostmanRuntime/7.29.0"
::1 - - [29/Jun/2022:09:49:59 +0000] "POST /api/v1/user/signin HTTP/1.1" 500 263 "-" "PostmanRuntime/7.29.0"
::1 - - [29/Jun/2022:09:50:12 +0000] "POST /api/v1/user/signin HTTP/1.1" 500 27 "-" "PostmanRuntime/7.29.0"
::1 - - [29/Jun/2022:10:00:35 +0000] "POST /api/v1/user/signin HTTP/1.1" 500 27 "-" "PostmanRuntime/7.29.0"
::1 - - [29/Jun/2022:10:01:14 +0000] "POST /api/v1/user/signin HTTP/1.1" 401 48 "-" "PostmanRuntime/7.29.0"
::1 - - [29/Jun/2022:10:01:21 +0000] "POST /api/v1/user/signin HTTP/1.1" 401 48 "-" "PostmanRuntime/7.29.0"
::1 - - [29/Jun/2022:10:03:21 +0000] "POST /api/v1/user/signin HTTP/1.1" 401 48 "-" "PostmanRuntime/7.29.0"
::1 - - [29/Jun/2022:10:03:31 +0000] "POST /api/v1/user/signin HTTP/1.1" 302 23 "-" "PostmanRuntime/7.29.0"
::1 - - [29/Jun/2022:10:03:31 +0000] "GET / HTTP/1.1" 404 41 "http://localhost:5000/api/v1/user/signin" "PostmanRuntime/7.29.0"
::1 - - [29/Jun/2022:10:03:37 +0000] "POST /api/v1/user/signin HTTP/1.1" 302 23 "-" "PostmanRuntime/7.29.0"
::1 - - [29/Jun/2022:10:03:37 +0000] "GET / HTTP/1.1" 404 41 "http://localhost:5000/api/v1/user/signin" "PostmanRuntime/7.29.0"
::1 - - [29/Jun/2022:10:10:28 +0000] "POST /api/v1/user/signin HTTP/1.1" 300 229 "-" "PostmanRuntime/7.29.0"
::1 - - [29/Jun/2022:10:21:19 +0000] "POST /api/v1/user/signup HTTP/1.1" 500 109 "-" "PostmanRuntime/7.29.0"
::1 - - [29/Jun/2022:10:25:03 +0000] "POST /api/v1/user/signup HTTP/1.1" 300 30 "-" "PostmanRuntime/7.29.0"
::1 - - [29/Jun/2022:10:25:32 +0000] "POST /api/v1/user/signup HTTP/1.1" 300 30 "-" "PostmanRuntime/7.29.0"
::1 - - [29/Jun/2022:10:26:06 +0000] "POST /api/v1/user/signup HTTP/1.1" 300 30 "-" "PostmanRuntime/7.29.0"
::1 - - [29/Jun/2022:10:26:08 +0000] "POST /api/v1/user/signup HTTP/1.1" 300 30 "-" "PostmanRuntime/7.29.0"
::1 - - [29/Jun/2022:10:26:09 +0000] "POST /api/v1/user/signup HTTP/1.1" 300 30 "-" "PostmanRuntime/7.29.0"
::1 - - [29/Jun/2022:10:26:15 +0000] "POST /api/v1/user/signup HTTP/1.1" 300 30 "-" "PostmanRuntime/7.29.0"
::1 - - [29/Jun/2022:10:27:10 +0000] "POST /api/v1/user/signup HTTP/1.1" 300 30 "-" "PostmanRuntime/7.29.0"
::1 - - [29/Jun/2022:10:27:20 +0000] "POST /api/v1/user/signup HTTP/1.1" 500 113 "-" "PostmanRuntime/7.29.0"
::1 - - [29/Jun/2022:10:27:26 +0000] "POST /api/v1/user/signup HTTP/1.1" 500 113 "-" "PostmanRuntime/7.29.0"
::1 - - [29/Jun/2022:10:27:30 +0000] "POST /api/v1/user/signup HTTP/1.1" 500 113 "-" "PostmanRuntime/7.29.0"
::1 - - [30/Jun/2022:00:04:49 +0000] "GET /api/v1/user/signout HTTP/1.1" 404 41 "-" "PostmanRuntime/7.29.0"
::1 - - [30/Jun/2022:00:05:21 +0000] "GET /api/v1/user/signout HTTP/1.1" 300 72 "-" "PostmanRuntime/7.29.0"
::1 - - [30/Jun/2022:00:07:57 +0000] "POST /api/v1/user/signin HTTP/1.1" 300 229 "-" "PostmanRuntime/7.29.0"
::1 - - [30/Jun/2022:00:08:22 +0000] "GET /api/v1/user/signout HTTP/1.1" 300 72 "-" "PostmanRuntime/7.29.0"
::1 - - [30/Jun/2022:00:08:40 +0000] "GET /api/v1/user/signout HTTP/1.1" 300 72 "-" "PostmanRuntime/7.29.0"
::1 - - [30/Jun/2022:00:14:12 +0000] "GET /api/v1/user/signout HTTP/1.1" 300 72 "-" "PostmanRuntime/7.29.0"
